Initilization of daemon with logs at /var/log/lbp.log
Daemon log initialized at /var/log/lbp.log
Links are NOT dereferenced, links_behaviour 0
FIFO init error: File exists
Command read from pipe: 1
Bytes read: 1024
Path transmitted: /home/stanislav/Documents/MIPT/3rd_semester/Computer_technologies/LBackup
Copying all data from /var/log to created log/var/log/lbp.log
PRINTING LOGS, logs are in /home/stanislav/Documents/MIPT/3rd_semester/Computer_technologies/LBackup



Log time: Wed Dec 30 19:35:36 2020

Daemon running 0 second


  File file3, Time since last modification: 1608637945 sec
Entry file3 exists
  File(in destination directory) file3, Time since last modification: 1609223515 sec (compared with 1608637945 in source)
  Dir subdir3, Time since last modification: 1608637945
Entry subdir3 exists
          File subfule, Time since last modification: 1608637945 sec
Entry subfule exists
          File(in destination directory) subfule, Time since last modification: 1609223515 sec (compared with 1608637945 in source)
          File subfile3, Time since last modification: 1608637945 sec
Entry subfile3 exists
          File(in destination directory) subfile3, Time since last modification: 1609223515 sec (compared with 1608637945 in source)
          File subfile2, Time since last modification: 1608637945 sec
Entry subfile2 exists
          File(in destination directory) subfile2, Time since last modification: 1609223515 sec (compared with 1608637945 in source)
          File subfile, Time since last modification: 1608637945 sec
Entry subfile exists
          File(in destination directory) subfile, Time since last modification: 1609223515 sec (compared with 1608637945 in source)
  File file4, Time since last modification: 1608637945 sec
Entry file4 exists
  File(in destination directory) file4, Time since last modification: 1609223515 sec (compared with 1608637945 in source)
  Dir subdir4, Time since last modification: 1608637945
Entry subdir4 exists
          File file, Time since last modification: 1608637945 sec
Entry file exists
          File(in destination directory) file, Time since last modification: 1609223515 sec (compared with 1608637945 in source)
  File file5, Time since last modification: 1608637945 sec
Entry file5 exists
  File(in destination directory) file5, Time since last modification: 1609223515 sec (compared with 1608637945 in source)
  Dir subdir2, Time since last modification: 1608637945
Entry subdir2 exists
          File subfile3, Time since last modification: 1608637945 sec
Entry subfile3 exists
          File(in destination directory) subfile3, Time since last modification: 1609223515 sec (compared with 1608637945 in source)
          File subfile2, Time since last modification: 1608637945 sec
Entry subfile2 exists
          File(in destination directory) subfile2, Time since last modification: 1609223515 sec (compared with 1608637945 in source)
          File subfile, Time since last modification: 1608637945 sec
Entry subfile exists
          File(in destination directory) subfile, Time since last modification: 1609223515 sec (compared with 1608637945 in source)
          File file4, Time since last modification: 1608637945 sec
Entry file4 exists
          File(in destination directory) file4, Time since last modification: 1609223515 sec (compared with 1608637945 in source)
          File forbidden_file, Time since last modification: 1608637945 sec
Entry forbidden_file exists
          File(in destination directory) forbidden_file, Time since last modification: 1609223515 sec (compared with 1608637945 in source)
  Dir subdir1, Time since last modification: 1609228028
Entry subdir1 exists
          File file3, Time since last modification: 1609228028 sec
Entry file3 exists
          File(in destination directory) file3, Time since last modification: 1609228028 sec (compared with 1609228028 in source)
          File file4, Time since last modification: 1608637945 sec
Entry file4 exists
          File(in destination directory) file4, Time since last modification: 1609223515 sec (compared with 1608637945 in source)
          File file5, Time since last modification: 1608637945 sec
Entry file5 exists
          File(in destination directory) file5, Time since last modification: 1609223515 sec (compared with 1608637945 in source)
          File file1, Time since last modification: 1608637945 sec
Entry file1 exists
          File(in destination directory) file1, Time since last modification: 1609223515 sec (compared with 1608637945 in source)
          File file2, Time since last modification: 1608637945 sec
Entry file2 exists
          File(in destination directory) file2, Time since last modification: 1609223515 sec (compared with 1608637945 in source)
  File file1, Time since last modification: 1609228028 sec
Entry file1 exists
  File(in destination directory) file1, Time since last modification: 1609228028 sec (compared with 1609228028 in source)
  File file2, Time since last modification: 1608637945 sec
Entry file2 exists
  File(in destination directory) file2, Time since last modification: 1609223515 sec (compared with 1608637945 in source)
Command read from pipe: 1
Bytes read: 1024
Path transmitted: /home/stanislav/Documents/MIPT/3rd_semester/Computer_technologies/LBackup
Copying all data from /var/log to created log/var/log/lbp.log
PRINTING LOGS, logs are in /home/stanislav/Documents/MIPT/3rd_semester/Computer_technologies/LBackup



Log time: Wed Dec 30 19:35:46 2020

Daemon running 10 second


  File file3, Time since last modification: 1608637945 sec
Entry file3 exists
  File(in destination directory) file3, Time since last modification: 1609223515 sec (compared with 1608637945 in source)
  Dir subdir3, Time since last modification: 1608637945
Entry subdir3 exists
          File subfule, Time since last modification: 1608637945 sec
Entry subfule exists
          File(in destination directory) subfule, Time since last modification: 1609223515 sec (compared with 1608637945 in source)
          File subfile3, Time since last modification: 1608637945 sec
Entry subfile3 exists
          File(in destination directory) subfile3, Time since last modification: 1609223515 sec (compared with 1608637945 in source)
          File subfile2, Time since last modification: 1608637945 sec
Entry subfile2 exists
          File(in destination directory) subfile2, Time since last modification: 1609223515 sec (compared with 1608637945 in source)
          File subfile, Time since last modification: 1608637945 sec
Entry subfile exists
          File(in destination directory) subfile, Time since last modification: 1609223515 sec (compared with 1608637945 in source)
  File file4, Time since last modification: 1608637945 sec
Entry file4 exists
  File(in destination directory) file4, Time since last modification: 1609223515 sec (compared with 1608637945 in source)
  Dir subdir4, Time since last modification: 1608637945
Entry subdir4 exists
          File file, Time since last modification: 1608637945 sec
Entry file exists
          File(in destination directory) file, Time since last modification: 1609223515 sec (compared with 1608637945 in source)
  File file5, Time since last modification: 1608637945 sec
Entry file5 exists
  File(in destination directory) file5, Time since last modification: 1609223515 sec (compared with 1608637945 in source)
  Dir subdir2, Time since last modification: 1608637945
Entry subdir2 exists
          File subfile3, Time since last modification: 1608637945 sec
Entry subfile3 exists
          File(in destination directory) subfile3, Time since last modification: 1609223515 sec (compared with 1608637945 in source)
          File subfile2, Time since last modification: 1608637945 sec
Entry subfile2 exists
          File(in destination directory) subfile2, Time since last modification: 1609223515 sec (compared with 1608637945 in source)
          File subfile, Time since last modification: 1608637945 sec
Entry subfile exists
          File(in destination directory) subfile, Time since last modification: 1609223515 sec (compared with 1608637945 in source)
          File file4, Time since last modification: 1608637945 sec
Entry file4 exists
          File(in destination directory) file4, Time since last modification: 1609223515 sec (compared with 1608637945 in source)
          File forbidden_file, Time since last modification: 1608637945 sec
Entry forbidden_file exists
          File(in destination directory) forbidden_file, Time since last modification: 1609223515 sec (compared with 1608637945 in source)
  Dir subdir1, Time since last modification: 1609228028
Entry subdir1 exists
          File file3, Time since last modification: 1609228028 sec
Entry file3 exists
          File(in destination directory) file3, Time since last modification: 1609228028 sec (compared with 1609228028 in source)
          File file4, Time since last modification: 1608637945 sec
Entry file4 exists
          File(in destination directory) file4, Time since last modification: 1609223515 sec (compared with 1608637945 in source)
          File file5, Time since last modification: 1608637945 sec
Entry file5 exists
          File(in destination directory) file5, Time since last modification: 1609223515 sec (compared with 1608637945 in source)
          File file1, Time since last modification: 1608637945 sec
Entry file1 exists
          File(in destination directory) file1, Time since last modification: 1609223515 sec (compared with 1608637945 in source)
          File file2, Time since last modification: 1608637945 sec
Entry file2 exists
          File(in destination directory) file2, Time since last modification: 1609223515 sec (compared with 1608637945 in source)
  File file1, Time since last modification: 1609228028 sec
Entry file1 exists
  File(in destination directory) file1, Time since last modification: 1609228028 sec (compared with 1609228028 in source)
  File file2, Time since last modification: 1608637945 sec
Entry file2 exists
  File(in destination directory) file2, Time since last modification: 1609223515 sec (compared with 1608637945 in source)



Log time: Wed Dec 30 19:35:56 2020

Daemon running 20 second


  File file3, Time since last modification: 1608637945 sec
Entry file3 exists
  File(in destination directory) file3, Time since last modification: 1609223515 sec (compared with 1608637945 in source)
  Dir subdir3, Time since last modification: 1608637945
Entry subdir3 exists
          File subfule, Time since last modification: 1608637945 sec
Entry subfule exists
          File(in destination directory) subfule, Time since last modification: 1609223515 sec (compared with 1608637945 in source)
          File subfile3, Time since last modification: 1608637945 sec
Entry subfile3 exists
          File(in destination directory) subfile3, Time since last modification: 1609223515 sec (compared with 1608637945 in source)
          File subfile2, Time since last modification: 1608637945 sec
Entry subfile2 exists
          File(in destination directory) subfile2, Time since last modification: 1609223515 sec (compared with 1608637945 in source)
          File subfile, Time since last modification: 1608637945 sec
Entry subfile exists
          File(in destination directory) subfile, Time since last modification: 1609223515 sec (compared with 1608637945 in source)
  File file4, Time since last modification: 1608637945 sec
Entry file4 exists
  File(in destination directory) file4, Time since last modification: 1609223515 sec (compared with 1608637945 in source)
  Dir subdir4, Time since last modification: 1608637945
Entry subdir4 exists
          File file, Time since last modification: 1608637945 sec
Entry file exists
          File(in destination directory) file, Time since last modification: 1609223515 sec (compared with 1608637945 in source)
  File file5, Time since last modification: 1608637945 sec
Entry file5 exists
  File(in destination directory) file5, Time since last modification: 1609223515 sec (compared with 1608637945 in source)
  Dir subdir2, Time since last modification: 1608637945
Entry subdir2 exists
          File subfile3, Time since last modification: 1608637945 sec
Entry subfile3 exists
          File(in destination directory) subfile3, Time since last modification: 1609223515 sec (compared with 1608637945 in source)
          File subfile2, Time since last modification: 1608637945 sec
Entry subfile2 exists
          File(in destination directory) subfile2, Time since last modification: 1609223515 sec (compared with 1608637945 in source)
          File subfile, Time since last modification: 1608637945 sec
Entry subfile exists
          File(in destination directory) subfile, Time since last modification: 1609223515 sec (compared with 1608637945 in source)
          File file4, Time since last modification: 1608637945 sec
Entry file4 exists
          File(in destination directory) file4, Time since last modification: 1609223515 sec (compared with 1608637945 in source)
          File forbidden_file, Time since last modification: 1608637945 sec
Entry forbidden_file exists
          File(in destination directory) forbidden_file, Time since last modification: 1609223515 sec (compared with 1608637945 in source)
  Dir subdir1, Time since last modification: 1609228028
Entry subdir1 exists
          File file3, Time since last modification: 1609228028 sec
Entry file3 exists
          File(in destination directory) file3, Time since last modification: 1609228028 sec (compared with 1609228028 in source)
          File file4, Time since last modification: 1608637945 sec
Entry file4 exists
          File(in destination directory) file4, Time since last modification: 1609223515 sec (compared with 1608637945 in source)
          File file5, Time since last modification: 1608637945 sec
Entry file5 exists
          File(in destination directory) file5, Time since last modification: 1609223515 sec (compared with 1608637945 in source)
          File file1, Time since last modification: 1608637945 sec
Entry file1 exists
          File(in destination directory) file1, Time since last modification: 1609223515 sec (compared with 1608637945 in source)
          File file2, Time since last modification: 1608637945 sec
Entry file2 exists
          File(in destination directory) file2, Time since last modification: 1609223515 sec (compared with 1608637945 in source)
  File file1, Time since last modification: 1609228028 sec
Entry file1 exists
  File(in destination directory) file1, Time since last modification: 1609228028 sec (compared with 1609228028 in source)
  File file2, Time since last modification: 1608637945 sec
Entry file2 exists
  File(in destination directory) file2, Time since last modification: 1609223515 sec (compared with 1608637945 in source)
Command read from pipe: 2
Bytes read: 1024
New src path transmitted: /home/stanislav/Documents/MIPT/3rd_semester/Computer_technologies/LBackup/test
Bytes read: 1024
New dst backup path transmitted: /home/stanislav/Documents/MIPT/3rd_semester/Computer_technologies/LBackup/backup



Log time: Wed Dec 30 19:36:02 2020

Daemon running 30 second


  File file3, Time since last modification: 1608637945 sec
Entry file3 exists
  File(in destination directory) file3, Time since last modification: 1609223515 sec (compared with 1608637945 in source)
  Dir subdir3, Time since last modification: 1608637945
Entry subdir3 exists
          File subfule, Time since last modification: 1608637945 sec
Entry subfule exists
          File(in destination directory) subfule, Time since last modification: 1609223515 sec (compared with 1608637945 in source)
          File subfile3, Time since last modification: 1608637945 sec
Entry subfile3 exists
          File(in destination directory) subfile3, Time since last modification: 1609223515 sec (compared with 1608637945 in source)
          File subfile2, Time since last modification: 1608637945 sec
Entry subfile2 exists
          File(in destination directory) subfile2, Time since last modification: 1609223515 sec (compared with 1608637945 in source)
          File subfile, Time since last modification: 1608637945 sec
Entry subfile exists
          File(in destination directory) subfile, Time since last modification: 1609223515 sec (compared with 1608637945 in source)
  File file4, Time since last modification: 1608637945 sec
Entry file4 exists
  File(in destination directory) file4, Time since last modification: 1609223515 sec (compared with 1608637945 in source)
  Dir subdir4, Time since last modification: 1608637945
Entry subdir4 exists
          File file, Time since last modification: 1608637945 sec
Entry file exists
          File(in destination directory) file, Time since last modification: 1609223515 sec (compared with 1608637945 in source)
  File file5, Time since last modification: 1608637945 sec
Entry file5 exists
  File(in destination directory) file5, Time since last modification: 1609223515 sec (compared with 1608637945 in source)
  Dir subdir2, Time since last modification: 1608637945
Entry subdir2 exists
          File subfile3, Time since last modification: 1608637945 sec
Entry subfile3 exists
          File(in destination directory) subfile3, Time since last modification: 1609223515 sec (compared with 1608637945 in source)
          File subfile2, Time since last modification: 1608637945 sec
Entry subfile2 exists
          File(in destination directory) subfile2, Time since last modification: 1609223515 sec (compared with 1608637945 in source)
          File subfile, Time since last modification: 1608637945 sec
Entry subfile exists
          File(in destination directory) subfile, Time since last modification: 1609223515 sec (compared with 1608637945 in source)
          File file4, Time since last modification: 1608637945 sec
Entry file4 exists
          File(in destination directory) file4, Time since last modification: 1609223515 sec (compared with 1608637945 in source)
          File forbidden_file, Time since last modification: 1608637945 sec
Entry forbidden_file exists
          File(in destination directory) forbidden_file, Time since last modification: 1609223515 sec (compared with 1608637945 in source)
  Dir subdir1, Time since last modification: 1609228028
Entry subdir1 exists
          File file3, Time since last modification: 1609228028 sec
Entry file3 exists
          File(in destination directory) file3, Time since last modification: 1609228028 sec (compared with 1609228028 in source)
          File file4, Time since last modification: 1608637945 sec
Entry file4 exists
          File(in destination directory) file4, Time since last modification: 1609223515 sec (compared with 1608637945 in source)
          File file5, Time since last modification: 1608637945 sec
Entry file5 exists
          File(in destination directory) file5, Time since last modification: 1609223515 sec (compared with 1608637945 in source)
          File file1, Time since last modification: 1608637945 sec
Entry file1 exists
          File(in destination directory) file1, Time since last modification: 1609223515 sec (compared with 1608637945 in source)
          File file2, Time since last modification: 1608637945 sec
Entry file2 exists
          File(in destination directory) file2, Time since last modification: 1609223515 sec (compared with 1608637945 in source)
  File file1, Time since last modification: 1609228028 sec
Entry file1 exists
  File(in destination directory) file1, Time since last modification: 1609228028 sec (compared with 1609228028 in source)
  File file2, Time since last modification: 1608637945 sec
Entry file2 exists
  File(in destination directory) file2, Time since last modification: 1609223515 sec (compared with 1608637945 in source)



Log time: Wed Dec 30 19:36:12 2020

Daemon running 40 second


  File file3, Time since last modification: 1608637945 sec
Entry file3 exists
  File(in destination directory) file3, Time since last modification: 1609223515 sec (compared with 1608637945 in source)
  Dir subdir3, Time since last modification: 1608637945
Entry subdir3 exists
          File subfule, Time since last modification: 1608637945 sec
Entry subfule exists
          File(in destination directory) subfule, Time since last modification: 1609223515 sec (compared with 1608637945 in source)
          File subfile3, Time since last modification: 1608637945 sec
Entry subfile3 exists
          File(in destination directory) subfile3, Time since last modification: 1609223515 sec (compared with 1608637945 in source)
          File subfile2, Time since last modification: 1608637945 sec
Entry subfile2 exists
          File(in destination directory) subfile2, Time since last modification: 1609223515 sec (compared with 1608637945 in source)
          File subfile, Time since last modification: 1608637945 sec
Entry subfile exists
          File(in destination directory) subfile, Time since last modification: 1609223515 sec (compared with 1608637945 in source)
  File file4, Time since last modification: 1608637945 sec
Entry file4 exists
  File(in destination directory) file4, Time since last modification: 1609223515 sec (compared with 1608637945 in source)
  Dir subdir4, Time since last modification: 1608637945
Entry subdir4 exists
          File file, Time since last modification: 1608637945 sec
Entry file exists
          File(in destination directory) file, Time since last modification: 1609223515 sec (compared with 1608637945 in source)
  File file5, Time since last modification: 1608637945 sec
Entry file5 exists
  File(in destination directory) file5, Time since last modification: 1609223515 sec (compared with 1608637945 in source)
  Dir subdir2, Time since last modification: 1608637945
Entry subdir2 exists
          File subfile3, Time since last modification: 1608637945 sec
Entry subfile3 exists
          File(in destination directory) subfile3, Time since last modification: 1609223515 sec (compared with 1608637945 in source)
          File subfile2, Time since last modification: 1608637945 sec
Entry subfile2 exists
          File(in destination directory) subfile2, Time since last modification: 1609223515 sec (compared with 1608637945 in source)
          File subfile, Time since last modification: 1608637945 sec
Entry subfile exists
          File(in destination directory) subfile, Time since last modification: 1609223515 sec (compared with 1608637945 in source)
          File file4, Time since last modification: 1608637945 sec
Entry file4 exists
          File(in destination directory) file4, Time since last modification: 1609223515 sec (compared with 1608637945 in source)
          File forbidden_file, Time since last modification: 1608637945 sec
Entry forbidden_file exists
          File(in destination directory) forbidden_file, Time since last modification: 1609223515 sec (compared with 1608637945 in source)
  Dir subdir1, Time since last modification: 1609228028
Entry subdir1 exists
          File file3, Time since last modification: 1609228028 sec
Entry file3 exists
          File(in destination directory) file3, Time since last modification: 1609228028 sec (compared with 1609228028 in source)
          File file4, Time since last modification: 1608637945 sec
Entry file4 exists
          File(in destination directory) file4, Time since last modification: 1609223515 sec (compared with 1608637945 in source)
          File file5, Time since last modification: 1608637945 sec
Entry file5 exists
          File(in destination directory) file5, Time since last modification: 1609223515 sec (compared with 1608637945 in source)
          File file1, Time since last modification: 1608637945 sec
Entry file1 exists
          File(in destination directory) file1, Time since last modification: 1609223515 sec (compared with 1608637945 in source)
          File file2, Time since last modification: 1608637945 sec
Entry file2 exists
          File(in destination directory) file2, Time since last modification: 1609223515 sec (compared with 1608637945 in source)
  File file1, Time since last modification: 1609228028 sec
Entry file1 exists
  File(in destination directory) file1, Time since last modification: 1609228028 sec (compared with 1609228028 in source)
  File file2, Time since last modification: 1608637945 sec
Entry file2 exists
  File(in destination directory) file2, Time since last modification: 1609223515 sec (compared with 1608637945 in source)



Log time: Wed Dec 30 19:36:22 2020

Daemon running 50 second


  File file3, Time since last modification: 1608637945 sec
Entry file3 exists
  File(in destination directory) file3, Time since last modification: 1609223515 sec (compared with 1608637945 in source)
  Dir subdir3, Time since last modification: 1608637945
Entry subdir3 exists
          File subfule, Time since last modification: 1608637945 sec
Entry subfule exists
          File(in destination directory) subfule, Time since last modification: 1609223515 sec (compared with 1608637945 in source)
          File subfile3, Time since last modification: 1608637945 sec
Entry subfile3 exists
          File(in destination directory) subfile3, Time since last modification: 1609223515 sec (compared with 1608637945 in source)
          File subfile2, Time since last modification: 1608637945 sec
Entry subfile2 exists
          File(in destination directory) subfile2, Time since last modification: 1609223515 sec (compared with 1608637945 in source)
          File subfile, Time since last modification: 1608637945 sec
Entry subfile exists
          File(in destination directory) subfile, Time since last modification: 1609223515 sec (compared with 1608637945 in source)
  File file4, Time since last modification: 1608637945 sec
Entry file4 exists
  File(in destination directory) file4, Time since last modification: 1609223515 sec (compared with 1608637945 in source)
  Dir subdir4, Time since last modification: 1608637945
Entry subdir4 exists
          File file, Time since last modification: 1608637945 sec
Entry file exists
          File(in destination directory) file, Time since last modification: 1609223515 sec (compared with 1608637945 in source)
  File file5, Time since last modification: 1608637945 sec
Entry file5 exists
  File(in destination directory) file5, Time since last modification: 1609223515 sec (compared with 1608637945 in source)
  Dir subdir2, Time since last modification: 1608637945
Entry subdir2 exists
          File subfile3, Time since last modification: 1608637945 sec
Entry subfile3 exists
          File(in destination directory) subfile3, Time since last modification: 1609223515 sec (compared with 1608637945 in source)
          File subfile2, Time since last modification: 1608637945 sec
Entry subfile2 exists
          File(in destination directory) subfile2, Time since last modification: 1609223515 sec (compared with 1608637945 in source)
          File subfile, Time since last modification: 1608637945 sec
Entry subfile exists
          File(in destination directory) subfile, Time since last modification: 1609223515 sec (compared with 1608637945 in source)
          File file4, Time since last modification: 1608637945 sec
Entry file4 exists
          File(in destination directory) file4, Time since last modification: 1609223515 sec (compared with 1608637945 in source)
          File forbidden_file, Time since last modification: 1608637945 sec
Entry forbidden_file exists
          File(in destination directory) forbidden_file, Time since last modification: 1609223515 sec (compared with 1608637945 in source)
  Dir subdir1, Time since last modification: 1609228028
Entry subdir1 exists
          File file3, Time since last modification: 1609228028 sec
Entry file3 exists
          File(in destination directory) file3, Time since last modification: 1609228028 sec (compared with 1609228028 in source)
          File file4, Time since last modification: 1608637945 sec
Entry file4 exists
          File(in destination directory) file4, Time since last modification: 1609223515 sec (compared with 1608637945 in source)
          File file5, Time since last modification: 1608637945 sec
Entry file5 exists
          File(in destination directory) file5, Time since last modification: 1609223515 sec (compared with 1608637945 in source)
          File file1, Time since last modification: 1608637945 sec
Entry file1 exists
          File(in destination directory) file1, Time since last modification: 1609223515 sec (compared with 1608637945 in source)
          File file2, Time since last modification: 1608637945 sec
Entry file2 exists
          File(in destination directory) file2, Time since last modification: 1609223515 sec (compared with 1608637945 in source)
  File file1, Time since last modification: 1609228028 sec
Entry file1 exists
  File(in destination directory) file1, Time since last modification: 1609228028 sec (compared with 1609228028 in source)
  File file2, Time since last modification: 1608637945 sec
Entry file2 exists
  File(in destination directory) file2, Time since last modification: 1609223515 sec (compared with 1608637945 in source)
Command read from pipe: 1
Bytes read: 1024
Path transmitted: /home/stanislav/Documents/MIPT/3rd_semester/Computer_technologies/LBackup
Copying all data from /var/log to created log/var/log/lbp.log
PRINTING LOGS, logs are in /home/stanislav/Documents/MIPT/3rd_semester/Computer_technologies/LBackup



Log time: Wed Dec 30 19:36:27 2020

Daemon running 60 second


  File file3, Time since last modification: 1608637945 sec
Entry file3 exists
  File(in destination directory) file3, Time since last modification: 1609223515 sec (compared with 1608637945 in source)
  Dir subdir3, Time since last modification: 1608637945
Entry subdir3 exists
          File subfule, Time since last modification: 1608637945 sec
Entry subfule exists
          File(in destination directory) subfule, Time since last modification: 1609223515 sec (compared with 1608637945 in source)
          File subfile3, Time since last modification: 1608637945 sec
Entry subfile3 exists
          File(in destination directory) subfile3, Time since last modification: 1609223515 sec (compared with 1608637945 in source)
          File subfile2, Time since last modification: 1608637945 sec
Entry subfile2 exists
          File(in destination directory) subfile2, Time since last modification: 1609223515 sec (compared with 1608637945 in source)
          File subfile, Time since last modification: 1608637945 sec
Entry subfile exists
          File(in destination directory) subfile, Time since last modification: 1609223515 sec (compared with 1608637945 in source)
  File file4, Time since last modification: 1608637945 sec
Entry file4 exists
  File(in destination directory) file4, Time since last modification: 1609223515 sec (compared with 1608637945 in source)
  Dir subdir4, Time since last modification: 1608637945
Entry subdir4 exists
          File file, Time since last modification: 1608637945 sec
Entry file exists
          File(in destination directory) file, Time since last modification: 1609223515 sec (compared with 1608637945 in source)
  File file5, Time since last modification: 1608637945 sec
Entry file5 exists
  File(in destination directory) file5, Time since last modification: 1609223515 sec (compared with 1608637945 in source)
  Dir subdir2, Time since last modification: 1608637945
Entry subdir2 exists
          File subfile3, Time since last modification: 1608637945 sec
Entry subfile3 exists
          File(in destination directory) subfile3, Time since last modification: 1609223515 sec (compared with 1608637945 in source)
          File subfile2, Time since last modification: 1608637945 sec
Entry subfile2 exists
          File(in destination directory) subfile2, Time since last modification: 1609223515 sec (compared with 1608637945 in source)
          File subfile, Time since last modification: 1608637945 sec
Entry subfile exists
          File(in destination directory) subfile, Time since last modification: 1609223515 sec (compared with 1608637945 in source)
          File file4, Time since last modification: 1608637945 sec
Entry file4 exists
          File(in destination directory) file4, Time since last modification: 1609223515 sec (compared with 1608637945 in source)
          File forbidden_file, Time since last modification: 1608637945 sec
Entry forbidden_file exists
          File(in destination directory) forbidden_file, Time since last modification: 1609223515 sec (compared with 1608637945 in source)
  Dir subdir1, Time since last modification: 1609228028
Entry subdir1 exists
          File file3, Time since last modification: 1609228028 sec
Entry file3 exists
          File(in destination directory) file3, Time since last modification: 1609228028 sec (compared with 1609228028 in source)
          File file4, Time since last modification: 1608637945 sec
Entry file4 exists
          File(in destination directory) file4, Time since last modification: 1609223515 sec (compared with 1608637945 in source)
          File file5, Time since last modification: 1608637945 sec
Entry file5 exists
          File(in destination directory) file5, Time since last modification: 1609223515 sec (compared with 1608637945 in source)
          File file1, Time since last modification: 1608637945 sec
Entry file1 exists
          File(in destination directory) file1, Time since last modification: 1609223515 sec (compared with 1608637945 in source)
          File file2, Time since last modification: 1608637945 sec
Entry file2 exists
          File(in destination directory) file2, Time since last modification: 1609223515 sec (compared with 1608637945 in source)
  File file1, Time since last modification: 1609228028 sec
Entry file1 exists
  File(in destination directory) file1, Time since last modification: 1609228028 sec (compared with 1609228028 in source)
  File file2, Time since last modification: 1608637945 sec
Entry file2 exists
  File(in destination directory) file2, Time since last modification: 1609223515 sec (compared with 1608637945 in source)
Command read from pipe: 2
Bytes read: 1024
New src path transmitted: /home/stanislav/Documents/MIPT/3rd_semester/Computer_technologies/LBackup/test
Bytes read: 1024
New dst backup path transmitted: /home/stanislav/Documents/MIPT/3rd_semester/Computer_technologies/LBackup/test
Error: specified backup directory /home/stanislav/Documents/MIPT/3rd_semester/Computer_technologies/LBackup/test lies in source directory /home/stanislav/Documents/MIPT/3rd_semester/Computer_technologies/LBackup/test.



Log time: Wed Dec 30 19:36:34 2020

Daemon running 70 second


  File file3, Time since last modification: 1608637945 sec
Entry file3 exists
  File(in destination directory) file3, Time since last modification: 1608637945 sec (compared with 1608637945 in source)
  Dir subdir3, Time since last modification: 1608637945
Entry subdir3 exists
          File subfule, Time since last modification: 1608637945 sec
Entry subfule exists
          File(in destination directory) subfule, Time since last modification: 1608637945 sec (compared with 1608637945 in source)
          File subfile3, Time since last modification: 1608637945 sec
Entry subfile3 exists
          File(in destination directory) subfile3, Time since last modification: 1608637945 sec (compared with 1608637945 in source)
          File subfile2, Time since last modification: 1608637945 sec
Entry subfile2 exists
          File(in destination directory) subfile2, Time since last modification: 1608637945 sec (compared with 1608637945 in source)
          File subfile, Time since last modification: 1608637945 sec
Entry subfile exists
          File(in destination directory) subfile, Time since last modification: 1608637945 sec (compared with 1608637945 in source)
  File file4, Time since last modification: 1608637945 sec
Entry file4 exists
  File(in destination directory) file4, Time since last modification: 1608637945 sec (compared with 1608637945 in source)
  Dir subdir4, Time since last modification: 1608637945
Entry subdir4 exists
          File file, Time since last modification: 1608637945 sec
Entry file exists
          File(in destination directory) file, Time since last modification: 1608637945 sec (compared with 1608637945 in source)
  File file5, Time since last modification: 1608637945 sec
Entry file5 exists
  File(in destination directory) file5, Time since last modification: 1608637945 sec (compared with 1608637945 in source)
  Dir subdir2, Time since last modification: 1608637945
Entry subdir2 exists
          File subfile3, Time since last modification: 1608637945 sec
Entry subfile3 exists
          File(in destination directory) subfile3, Time since last modification: 1608637945 sec (compared with 1608637945 in source)
          File subfile2, Time since last modification: 1608637945 sec
Entry subfile2 exists
          File(in destination directory) subfile2, Time since last modification: 1608637945 sec (compared with 1608637945 in source)
          File subfile, Time since last modification: 1608637945 sec
Entry subfile exists
          File(in destination directory) subfile, Time since last modification: 1608637945 sec (compared with 1608637945 in source)
          File file4, Time since last modification: 1608637945 sec
Entry file4 exists
          File(in destination directory) file4, Time since last modification: 1608637945 sec (compared with 1608637945 in source)
          File forbidden_file, Time since last modification: 1608637945 sec
Entry forbidden_file exists
          File(in destination directory) forbidden_file, Time since last modification: 1608637945 sec (compared with 1608637945 in source)
  Dir subdir1, Time since last modification: 1609228028
Entry subdir1 exists
          File file3, Time since last modification: 1609228028 sec
Entry file3 exists
          File(in destination directory) file3, Time since last modification: 1609228028 sec (compared with 1609228028 in source)
          File file4, Time since last modification: 1608637945 sec
Entry file4 exists
          File(in destination directory) file4, Time since last modification: 1608637945 sec (compared with 1608637945 in source)
          File file5, Time since last modification: 1608637945 sec
Entry file5 exists
          File(in destination directory) file5, Time since last modification: 1608637945 sec (compared with 1608637945 in source)
          File file1, Time since last modification: 1608637945 sec
Entry file1 exists
          File(in destination directory) file1, Time since last modification: 1608637945 sec (compared with 1608637945 in source)
          File file2, Time since last modification: 1608637945 sec
Entry file2 exists
          File(in destination directory) file2, Time since last modification: 1608637945 sec (compared with 1608637945 in source)
  File file1, Time since last modification: 1609228028 sec
Entry file1 exists
  File(in destination directory) file1, Time since last modification: 1609228028 sec (compared with 1609228028 in source)
  File file2, Time since last modification: 1608637945 sec
Entry file2 exists
  File(in destination directory) file2, Time since last modification: 1608637945 sec (compared with 1608637945 in source)



Log time: Wed Dec 30 19:36:44 2020

Daemon running 80 second


  File file3, Time since last modification: 1608637945 sec
Entry file3 exists
  File(in destination directory) file3, Time since last modification: 1608637945 sec (compared with 1608637945 in source)
  Dir subdir3, Time since last modification: 1608637945
Entry subdir3 exists
          File subfule, Time since last modification: 1608637945 sec
Entry subfule exists
          File(in destination directory) subfule, Time since last modification: 1608637945 sec (compared with 1608637945 in source)
          File subfile3, Time since last modification: 1608637945 sec
Entry subfile3 exists
          File(in destination directory) subfile3, Time since last modification: 1608637945 sec (compared with 1608637945 in source)
          File subfile2, Time since last modification: 1608637945 sec
Entry subfile2 exists
          File(in destination directory) subfile2, Time since last modification: 1608637945 sec (compared with 1608637945 in source)
          File subfile, Time since last modification: 1608637945 sec
Entry subfile exists
          File(in destination directory) subfile, Time since last modification: 1608637945 sec (compared with 1608637945 in source)
  File file4, Time since last modification: 1608637945 sec
Entry file4 exists
  File(in destination directory) file4, Time since last modification: 1608637945 sec (compared with 1608637945 in source)
  Dir subdir4, Time since last modification: 1608637945
Entry subdir4 exists
          File file, Time since last modification: 1608637945 sec
Entry file exists
          File(in destination directory) file, Time since last modification: 1608637945 sec (compared with 1608637945 in source)
  File file5, Time since last modification: 1608637945 sec
Entry file5 exists
  File(in destination directory) file5, Time since last modification: 1608637945 sec (compared with 1608637945 in source)
  Dir subdir2, Time since last modification: 1608637945
Entry subdir2 exists
          File subfile3, Time since last modification: 1608637945 sec
Entry subfile3 exists
          File(in destination directory) subfile3, Time since last modification: 1608637945 sec (compared with 1608637945 in source)
          File subfile2, Time since last modification: 1608637945 sec
Entry subfile2 exists
          File(in destination directory) subfile2, Time since last modification: 1608637945 sec (compared with 1608637945 in source)
          File subfile, Time since last modification: 1608637945 sec
Entry subfile exists
          File(in destination directory) subfile, Time since last modification: 1608637945 sec (compared with 1608637945 in source)
          File file4, Time since last modification: 1608637945 sec
Entry file4 exists
          File(in destination directory) file4, Time since last modification: 1608637945 sec (compared with 1608637945 in source)
          File forbidden_file, Time since last modification: 1608637945 sec
Entry forbidden_file exists
          File(in destination directory) forbidden_file, Time since last modification: 1608637945 sec (compared with 1608637945 in source)
  Dir subdir1, Time since last modification: 1609228028
Entry subdir1 exists
          File file3, Time since last modification: 1609228028 sec
Entry file3 exists
          File(in destination directory) file3, Time since last modification: 1609228028 sec (compared with 1609228028 in source)
          File file4, Time since last modification: 1608637945 sec
Entry file4 exists
          File(in destination directory) file4, Time since last modification: 1608637945 sec (compared with 1608637945 in source)
          File file5, Time since last modification: 1608637945 sec
Entry file5 exists
          File(in destination directory) file5, Time since last modification: 1608637945 sec (compared with 1608637945 in source)
          File file1, Time since last modification: 1608637945 sec
Entry file1 exists
          File(in destination directory) file1, Time since last modification: 1608637945 sec (compared with 1608637945 in source)
          File file2, Time since last modification: 1608637945 sec
Entry file2 exists
          File(in destination directory) file2, Time since last modification: 1608637945 sec (compared with 1608637945 in source)
  File file1, Time since last modification: 1609228028 sec
Entry file1 exists
  File(in destination directory) file1, Time since last modification: 1609228028 sec (compared with 1609228028 in source)
  File file2, Time since last modification: 1608637945 sec
Entry file2 exists
  File(in destination directory) file2, Time since last modification: 1608637945 sec (compared with 1608637945 in source)



Log time: Wed Dec 30 19:36:54 2020

Daemon running 90 second


  File file3, Time since last modification: 1608637945 sec
Entry file3 exists
  File(in destination directory) file3, Time since last modification: 1608637945 sec (compared with 1608637945 in source)
  Dir subdir3, Time since last modification: 1608637945
Entry subdir3 exists
          File subfule, Time since last modification: 1608637945 sec
Entry subfule exists
          File(in destination directory) subfule, Time since last modification: 1608637945 sec (compared with 1608637945 in source)
          File subfile3, Time since last modification: 1608637945 sec
Entry subfile3 exists
          File(in destination directory) subfile3, Time since last modification: 1608637945 sec (compared with 1608637945 in source)
          File subfile2, Time since last modification: 1608637945 sec
Entry subfile2 exists
          File(in destination directory) subfile2, Time since last modification: 1608637945 sec (compared with 1608637945 in source)
          File subfile, Time since last modification: 1608637945 sec
Entry subfile exists
          File(in destination directory) subfile, Time since last modification: 1608637945 sec (compared with 1608637945 in source)
  File file4, Time since last modification: 1608637945 sec
Entry file4 exists
  File(in destination directory) file4, Time since last modification: 1608637945 sec (compared with 1608637945 in source)
  Dir subdir4, Time since last modification: 1608637945
Entry subdir4 exists
          File file, Time since last modification: 1608637945 sec
Entry file exists
          File(in destination directory) file, Time since last modification: 1608637945 sec (compared with 1608637945 in source)
  File file5, Time since last modification: 1608637945 sec
Entry file5 exists
  File(in destination directory) file5, Time since last modification: 1608637945 sec (compared with 1608637945 in source)
  Dir subdir2, Time since last modification: 1608637945
Entry subdir2 exists
          File subfile3, Time since last modification: 1608637945 sec
Entry subfile3 exists
          File(in destination directory) subfile3, Time since last modification: 1608637945 sec (compared with 1608637945 in source)
          File subfile2, Time since last modification: 1608637945 sec
Entry subfile2 exists
          File(in destination directory) subfile2, Time since last modification: 1608637945 sec (compared with 1608637945 in source)
          File subfile, Time since last modification: 1608637945 sec
Entry subfile exists
          File(in destination directory) subfile, Time since last modification: 1608637945 sec (compared with 1608637945 in source)
          File file4, Time since last modification: 1608637945 sec
Entry file4 exists
          File(in destination directory) file4, Time since last modification: 1608637945 sec (compared with 1608637945 in source)
          File forbidden_file, Time since last modification: 1608637945 sec
Entry forbidden_file exists
          File(in destination directory) forbidden_file, Time since last modification: 1608637945 sec (compared with 1608637945 in source)
  Dir subdir1, Time since last modification: 1609228028
Entry subdir1 exists
          File file3, Time since last modification: 1609228028 sec
Entry file3 exists
          File(in destination directory) file3, Time since last modification: 1609228028 sec (compared with 1609228028 in source)
          File file4, Time since last modification: 1608637945 sec
Entry file4 exists
          File(in destination directory) file4, Time since last modification: 1608637945 sec (compared with 1608637945 in source)
          File file5, Time since last modification: 1608637945 sec
Entry file5 exists
          File(in destination directory) file5, Time since last modification: 1608637945 sec (compared with 1608637945 in source)
          File file1, Time since last modification: 1608637945 sec
Entry file1 exists
          File(in destination directory) file1, Time since last modification: 1608637945 sec (compared with 1608637945 in source)
          File file2, Time since last modification: 1608637945 sec
Entry file2 exists
          File(in destination directory) file2, Time since last modification: 1608637945 sec (compared with 1608637945 in source)
  File file1, Time since last modification: 1609228028 sec
Entry file1 exists
  File(in destination directory) file1, Time since last modification: 1609228028 sec (compared with 1609228028 in source)
  File file2, Time since last modification: 1608637945 sec
Entry file2 exists
  File(in destination directory) file2, Time since last modification: 1608637945 sec (compared with 1608637945 in source)
Command read from pipe: 1
Bytes read: 1024
Path transmitted: /home/stanislav/Documents/MIPT/3rd_semester/Computer_technologies/LBackup
Copying all data from /var/log to created log/var/log/lbp.log
