FIFO init error: File exists
Daemon initialized at /var/log/reserv_copy.log
Links are SET FOR dereferencing, links_behaviour 1



Daemon running 0 second


  File file1, Time since last modification: 1607601821 sec, log time: Thu Dec 10 16:21:56 2020

NOT BACKUPED File /home/stanislav/Documents/MIPT/3rd_semester/Computer_technologies/Reserv_copy/test_links_1/file1, copying to /home/stanislav/Documents/MIPT/3rd_semester/Computer_technologies/Reserv_copy/backup_links_3
  File(in destination directory) file1, Time since last modification: 1607606516 sec (compared with 1607601821 in source)
  Symlink subdir2, Time since last modification: 1607604326
COPYING ALL CONTENTS OF SYMLINK /home/stanislav/Documents/MIPT/3rd_semester/Computer_technologies/Reserv_copy/test_links_1/subdir2, to /home/stanislav/Documents/MIPT/3rd_semester/Computer_technologies/Reserv_copy/backup_links_3
  File file3, Time since last modification: 1607601826 sec, log time: Thu Dec 10 16:21:56 2020

NOT BACKUPED File /home/stanislav/Documents/MIPT/3rd_semester/Computer_technologies/Reserv_copy/test_links_1/file3, copying to /home/stanislav/Documents/MIPT/3rd_semester/Computer_technologies/Reserv_copy/backup_links_3
  File(in destination directory) file3, Time since last modification: 1607606516 sec (compared with 1607601826 in source)
  File file2, Time since last modification: 1607601822 sec, log time: Thu Dec 10 16:21:56 2020

NOT BACKUPED File /home/stanislav/Documents/MIPT/3rd_semester/Computer_technologies/Reserv_copy/test_links_1/file2, copying to /home/stanislav/Documents/MIPT/3rd_semester/Computer_technologies/Reserv_copy/backup_links_3
  File(in destination directory) file2, Time since last modification: 1607606516 sec (compared with 1607601822 in source)



Daemon running 10 second


  File file1, Time since last modification: 1607601821 sec, log time: Thu Dec 10 16:22:06 2020

Enrty file1 exists
  File(in destination directory) file1, Time since last modification: 1607606516 sec (compared with 1607601821 in source)
  Symlink subdir2, Time since last modification: 1607604326
COPYING ALL CONTENTS OF SYMLINK /home/stanislav/Documents/MIPT/3rd_semester/Computer_technologies/Reserv_copy/test_links_1/subdir2, to /home/stanislav/Documents/MIPT/3rd_semester/Computer_technologies/Reserv_copy/backup_links_3
  File file3, Time since last modification: 1607601826 sec, log time: Thu Dec 10 16:22:06 2020

Enrty file3 exists
  File(in destination directory) file3, Time since last modification: 1607606516 sec (compared with 1607601826 in source)
  File file2, Time since last modification: 1607601822 sec, log time: Thu Dec 10 16:22:06 2020

Enrty file2 exists
  File(in destination directory) file2, Time since last modification: 1607606516 sec (compared with 1607601822 in source)
Command read from pipe: 1
Bytes read: 1024
Path transmitted: /home/stanislav/Documents/MIPT/3rd_semester/Computer_technologies/Reserv_copy
PRINTING LOGS, logs are in /home/stanislav/Documents/MIPT/3rd_semester/Computer_technologies/Reserv_copy



Daemon running 20 second


  File file1, Time since last modification: 1607601821 sec, log time: Thu Dec 10 16:22:10 2020

Enrty file1 exists
  File(in destination directory) file1, Time since last modification: 1607606516 sec (compared with 1607601821 in source)
  Symlink subdir2, Time since last modification: 1607604326
COPYING ALL CONTENTS OF SYMLINK /home/stanislav/Documents/MIPT/3rd_semester/Computer_technologies/Reserv_copy/test_links_1/subdir2, to /home/stanislav/Documents/MIPT/3rd_semester/Computer_technologies/Reserv_copy/backup_links_3
  File file3, Time since last modification: 1607601826 sec, log time: Thu Dec 10 16:22:10 2020

Enrty file3 exists
  File(in destination directory) file3, Time since last modification: 1607606516 sec (compared with 1607601826 in source)
  File file2, Time since last modification: 1607601822 sec, log time: Thu Dec 10 16:22:10 2020

Enrty file2 exists
  File(in destination directory) file2, Time since last modification: 1607606516 sec (compared with 1607601822 in source)



Daemon running 30 second


  File file1, Time since last modification: 1607601821 sec, log time: Thu Dec 10 16:22:20 2020

Enrty file1 exists
  File(in destination directory) file1, Time since last modification: 1607606516 sec (compared with 1607601821 in source)
  Symlink subdir2, Time since last modification: 1607604326
COPYING ALL CONTENTS OF SYMLINK /home/stanislav/Documents/MIPT/3rd_semester/Computer_technologies/Reserv_copy/test_links_1/subdir2, to /home/stanislav/Documents/MIPT/3rd_semester/Computer_technologies/Reserv_copy/backup_links_3
  File file3, Time since last modification: 1607601826 sec, log time: Thu Dec 10 16:22:20 2020

Enrty file3 exists
  File(in destination directory) file3, Time since last modification: 1607606516 sec (compared with 1607601826 in source)
  File file2, Time since last modification: 1607601822 sec, log time: Thu Dec 10 16:22:20 2020

Enrty file2 exists
  File(in destination directory) file2, Time since last modification: 1607606516 sec (compared with 1607601822 in source)



Daemon running 40 second


  File file1, Time since last modification: 1607601821 sec, log time: Thu Dec 10 16:22:30 2020

Enrty file1 exists
  File(in destination directory) file1, Time since last modification: 1607606516 sec (compared with 1607601821 in source)
  Symlink subdir2, Time since last modification: 1607604326
COPYING ALL CONTENTS OF SYMLINK /home/stanislav/Documents/MIPT/3rd_semester/Computer_technologies/Reserv_copy/test_links_1/subdir2, to /home/stanislav/Documents/MIPT/3rd_semester/Computer_technologies/Reserv_copy/backup_links_3
  File file3, Time since last modification: 1607601826 sec, log time: Thu Dec 10 16:22:30 2020

Enrty file3 exists
  File(in destination directory) file3, Time since last modification: 1607606516 sec (compared with 1607601826 in source)
  File file2, Time since last modification: 1607601822 sec, log time: Thu Dec 10 16:22:30 2020

Enrty file2 exists
  File(in destination directory) file2, Time since last modification: 1607606516 sec (compared with 1607601822 in source)
Command read from pipe: 1
Bytes read: 1024
Path transmitted: /home/stanislav/Documents/MIPT/3rd_semester/Computer_technologies/Reserv_copy
